[ INFO ] [2016-01-19 00:44:41] com.test.ApplicationMain [47] - Starting ApplicationMain on FOXdeMacBook-Pro.local with PID 5077 (/Users/fox/Documents/xysyj/workspace/my-springboot-app/target/classes started by fox in /Users/fox/Documents/xysyj/workspace/my-springboot-app)
[ INFO ] [2016-01-19 00:44:42] org.springframework.boot.context.embedded.AnnotationConfigEmbeddedWebApplicationContext [510] - Refreshing org.springframework.boot.context.embedded.AnnotationConfigEmbeddedWebApplicationContext@5f27736c: startup date [Tue Jan 19 00:44:42 CST 2016]; root of context hierarchy
[ INFO ] [2016-01-19 00:44:44] org.springframework.beans.factory.support.DefaultListableBeanFactory [822] - Overriding bean definition for bean 'beanNameViewResolver': replacing [Root bean: class [null]; scope=; abstract=false; lazyInit=false; autowireMode=3; dependencyCheck=0; autowireCandidate=true; primary=false; factoryBeanName=org.springframework.boot.autoconfigure.web.ErrorMvcAutoConfiguration$WhitelabelErrorViewConfiguration; factoryMethodName=beanNameViewResolver; initMethodName=null; destroyMethodName=(inferred); defined in class path resource [org/springframework/boot/autoconfigure/web/ErrorMvcAutoConfiguration$WhitelabelErrorViewConfiguration.class]] with [Root bean: class [null]; scope=; abstract=false; lazyInit=false; autowireMode=3; dependencyCheck=0; autowireCandidate=true; primary=false; factoryBeanName=org.springframework.boot.autoconfigure.web.WebMvcAutoConfiguration$WebMvcAutoConfigurationAdapter; factoryMethodName=beanNameViewResolver; initMethodName=null; destroyMethodName=(inferred); defined in class path resource [org/springframework/boot/autoconfigure/web/WebMvcAutoConfiguration$WebMvcAutoConfigurationAdapter.class]]
[ INFO ] [2016-01-19 00:44:46] org.hibernate.validator.internal.util.Version [27] - HV000001: Hibernate Validator 5.1.3.Final
[ INFO ] [2016-01-19 00:44:47] org.springframework.context.support.PostProcessorRegistrationDelegate$BeanPostProcessorChecker [309] - Bean 'druidDataSourceEntity' of type [class com.test.db.DruidDataSourceEntity$$EnhancerBySpringCGLIB$$93455204] is not eligible for getting processed by all BeanPostProcessors (for example: not eligible for auto-proxying)
[ INFO ] [2016-01-19 00:44:47] com.test.db.MybatisConfig$$EnhancerBySpringCGLIB$$cc2a7b2f [94] - jdbc.settings=DruidDataSourceEntity..EnhancerBySpringCGLIB..93455204[driverClassName=com.mysql.jdbc.Driver,url=jdbc:mysql://localhost:3306/newbook?useUnicode=true&amp;charaterEncoding=utf-8,username=root,password=root,maxActive=20,maxIdle=30,minIdle=5,initialSize=1,maxWait=60000,timeBetweenEvictionRunsMillis=60000,minEictableIdleTimeMillis=300000,testOnBorrow=false,testOnReturn=false,testWhileIdle=true,validationQuery=SELECT 'x',poolPreparedStatements=false,maxOpenPreparedStatements=20,filters=stat]
[ INFO ] [2016-01-19 00:44:47] org.springframework.context.support.PostProcessorRegistrationDelegate$BeanPostProcessorChecker [309] - Bean 'mybatisConfig' of type [class com.test.db.MybatisConfig$$EnhancerBySpringCGLIB$$cc2a7b2f] is not eligible for getting processed by all BeanPostProcessors (for example: not eligible for auto-proxying)
[ INFO ] [2016-01-19 00:44:47] org.springframework.context.support.PostProcessorRegistrationDelegate$BeanPostProcessorChecker [309] - Bean 'dataSource' of type [class com.alibaba.druid.pool.DruidDataSource] is not eligible for getting processed by all BeanPostProcessors (for example: not eligible for auto-proxying)
[ INFO ] [2016-01-19 00:44:48] org.springframework.context.support.PostProcessorRegistrationDelegate$BeanPostProcessorChecker [309] - Bean 'sqlSessionFactory' of type [class org.apache.ibatis.session.defaults.DefaultSqlSessionFactory] is not eligible for getting processed by all BeanPostProcessors (for example: not eligible for auto-proxying)
[ INFO ] [2016-01-19 00:44:48] org.springframework.context.support.PostProcessorRegistrationDelegate$BeanPostProcessorChecker [309] - Bean 'sysUserMapper' of type [class org.mybatis.spring.mapper.MapperFactoryBean] is not eligible for getting processed by all BeanPostProcessors (for example: not eligible for auto-proxying)
[ INFO ] [2016-01-19 00:44:48] org.springframework.context.support.PostProcessorRegistrationDelegate$BeanPostProcessorChecker [309] - Bean 'org.springframework.transaction.annotation.ProxyTransactionManagementConfiguration' of type [class org.springframework.transaction.annotation.ProxyTransactionManagementConfiguration$$EnhancerBySpringCGLIB$$a59c21d6] is not eligible for getting processed by all BeanPostProcessors (for example: not eligible for auto-proxying)
[ INFO ] [2016-01-19 00:44:48] org.springframework.context.support.PostProcessorRegistrationDelegate$BeanPostProcessorChecker [309] - Bean 'transactionAttributeSource' of type [class org.springframework.transaction.annotation.AnnotationTransactionAttributeSource] is not eligible for getting processed by all BeanPostProcessors (for example: not eligible for auto-proxying)
[ INFO ] [2016-01-19 00:44:48] org.springframework.context.support.PostProcessorRegistrationDelegate$BeanPostProcessorChecker [309] - Bean 'transactionInterceptor' of type [class org.springframework.transaction.interceptor.TransactionInterceptor] is not eligible for getting processed by all BeanPostProcessors (for example: not eligible for auto-proxying)
[ INFO ] [2016-01-19 00:44:48] org.springframework.context.support.PostProcessorRegistrationDelegate$BeanPostProcessorChecker [309] - Bean 'org.springframework.transaction.config.internalTransactionAdvisor' of type [class org.springframework.transaction.interceptor.BeanFactoryTransactionAttributeSourceAdvisor] is not eligible for getting processed by all BeanPostProcessors (for example: not eligible for auto-proxying)
[ INFO ] [2016-01-19 00:44:49] org.springframework.boot.context.embedded.tomcat.TomcatEmbeddedServletContainer [79] - Tomcat initialized with port(s): 8011 (http)
[ INFO ] [2016-01-19 00:44:49] org.apache.catalina.core.StandardService [180] - Starting service Tomcat
[ INFO ] [2016-01-19 00:44:49] org.apache.catalina.core.StandardEngine [180] - Starting Servlet Engine: Apache Tomcat/8.0.23
[ INFO ] [2016-01-19 00:44:49] org.apache.catalina.core.ContainerBase.[Tomcat].[localhost].[/] [180] - Initializing Spring embedded WebApplicationContext
[ INFO ] [2016-01-19 00:44:49] org.springframework.web.context.ContextLoader [268] - Root WebApplicationContext: initialization completed in 7585 ms
[ INFO ] [2016-01-19 00:44:50] org.springframework.security.web.DefaultSecurityFilterChain [28] - Creating filter chain: Ant [pattern='/css/**'], []
[ INFO ] [2016-01-19 00:44:50] org.springframework.security.web.DefaultSecurityFilterChain [28] - Creating filter chain: Ant [pattern='/js/**'], []
[ INFO ] [2016-01-19 00:44:50] org.springframework.security.web.DefaultSecurityFilterChain [28] - Creating filter chain: Ant [pattern='/images/**'], []
[ INFO ] [2016-01-19 00:44:50] org.springframework.security.web.DefaultSecurityFilterChain [28] - Creating filter chain: Ant [pattern='/**/favicon.ico'], []
[ INFO ] [2016-01-19 00:44:50] org.springframework.security.web.DefaultSecurityFilterChain [28] - Creating filter chain: Ant [pattern='/error'], []
[ INFO ] [2016-01-19 00:44:50] org.springframework.security.web.DefaultSecurityFilterChain [28] - Creating filter chain: OrRequestMatcher [requestMatchers=[Ant [pattern='/**']]], [org.springframework.security.web.context.request.async.WebAsyncManagerIntegrationFilter@645eca7e, org.springframework.security.web.context.SecurityContextPersistenceFilter@cb1b79, org.springframework.security.web.header.HeaderWriterFilter@10816c49, org.springframework.security.web.authentication.logout.LogoutFilter@6e021e4, org.springframework.security.web.authentication.www.BasicAuthenticationFilter@396e8311, org.springframework.security.web.savedrequest.RequestCacheAwareFilter@4aaefe47, org.springframework.security.web.servletapi.SecurityContextHolderAwareRequestFilter@26b80d9f, org.springframework.security.web.authentication.AnonymousAuthenticationFilter@b4049ad, org.springframework.security.web.session.SessionManagementFilter@7a3ecd2a, org.springframework.security.web.access.ExceptionTranslationFilter@3bc8657a, org.springframework.security.web.access.intercept.FilterSecurityInterceptor@1d3e2b9a]
[ INFO ] [2016-01-19 00:44:51] org.springframework.boot.context.embedded.FilterRegistrationBean [286] - Mapping filter: 'characterEncodingFilter' to: [/*]
[ INFO ] [2016-01-19 00:44:51] org.springframework.boot.context.embedded.FilterRegistrationBean [286] - Mapping filter: 'hiddenHttpMethodFilter' to: [/*]
[ INFO ] [2016-01-19 00:44:51] org.springframework.boot.context.embedded.FilterRegistrationBean [286] - Mapping filter: 'springSecurityFilterChain' to: [/*]
[ INFO ] [2016-01-19 00:44:51] org.springframework.boot.context.embedded.ServletRegistrationBean [188] - Mapping servlet: 'dispatcherServlet' to [/]
[ INFO ] [2016-01-19 00:44:51] com.alibaba.druid.pool.DruidDataSource [669] - {dataSource-1} inited
[ INFO ] [2016-01-19 00:44:51] org.springframework.orm.jpa.LocalContainerEntityManagerFactoryBean [339] - Building JPA container EntityManagerFactory for persistence unit 'default'
[ INFO ] [2016-01-19 00:44:51] org.hibernate.jpa.internal.util.LogHelper [46] - HHH000204: Processing PersistenceUnitInfo [
	name: default
	...]
[ INFO ] [2016-01-19 00:44:51] org.hibernate.Version [54] - HHH000412: Hibernate Core {4.3.10.Final}
[ INFO ] [2016-01-19 00:44:51] org.hibernate.cfg.Environment [239] - HHH000206: hibernate.properties not found
[ INFO ] [2016-01-19 00:44:51] org.hibernate.cfg.Environment [346] - HHH000021: Bytecode provider name : javassist
[ INFO ] [2016-01-19 00:44:51] org.hibernate.annotations.common.Version [66] - HCANN000001: Hibernate Commons Annotations {4.0.5.Final}
[ INFO ] [2016-01-19 00:44:51] org.hibernate.dialect.Dialect [145] - HHH000400: Using dialect: org.hibernate.dialect.MySQL5Dialect
[ INFO ] [2016-01-19 00:44:51] org.hibernate.hql.internal.ast.ASTQueryTranslatorFactory [47] - HHH000397: Using ASTQueryTranslatorFactory
[ INFO ] [2016-01-19 00:44:52] org.springframework.web.servlet.mvc.method.annotation.RequestMappingHandlerAdapter [517] - Looking for @ControllerAdvice: org.springframework.boot.context.embedded.AnnotationConfigEmbeddedWebApplicationContext@5f27736c: startup date [Tue Jan 19 00:44:42 CST 2016]; root of context hierarchy
[ INFO ] [2016-01-19 00:44:52] org.springframework.web.servlet.mvc.method.annotation.RequestMappingHandlerMapping [217] - Mapped "{[/hello]}" onto public java.lang.String com.test.web.CustomerController.hello(java.util.Map<java.lang.String, java.lang.Object>)
[ INFO ] [2016-01-19 00:44:52] org.springframework.web.servlet.mvc.method.annotation.RequestMappingHandlerMapping [217] - Mapped "{[/sql]}" onto public java.lang.String com.test.web.CustomerController.sql(java.util.Map<java.lang.String, java.lang.Object>)
[ INFO ] [2016-01-19 00:44:52] org.springframework.web.servlet.mvc.method.annotation.RequestMappingHandlerMapping [217] - Mapped "{[/error]}" onto public org.springframework.http.ResponseEntity<java.util.Map<java.lang.String, java.lang.Object>> org.springframework.boot.autoconfigure.web.BasicErrorController.error(javax.servlet.http.HttpServletRequest)
[ INFO ] [2016-01-19 00:44:52] org.springframework.web.servlet.mvc.method.annotation.RequestMappingHandlerMapping [217] - Mapped "{[/error],produces=[text/html]}" onto public org.springframework.web.servlet.ModelAndView org.springframework.boot.autoconfigure.web.BasicErrorController.errorHtml(javax.servlet.http.HttpServletRequest)
[ INFO ] [2016-01-19 00:44:52] org.springframework.web.servlet.handler.SimpleUrlHandlerMapping [314] - Mapped URL path [/**] onto handler of type [class org.springframework.web.servlet.resource.ResourceHttpRequestHandler]
[ INFO ] [2016-01-19 00:44:52] org.springframework.web.servlet.handler.SimpleUrlHandlerMapping [314] - Mapped URL path [/webjars/**] onto handler of type [class org.springframework.web.servlet.resource.ResourceHttpRequestHandler]
[ INFO ] [2016-01-19 00:44:52] org.springframework.web.servlet.handler.SimpleUrlHandlerMapping [314] - Mapped URL path [/**/favicon.ico] onto handler of type [class org.springframework.web.servlet.resource.ResourceHttpRequestHandler]
[ INFO ] [2016-01-19 00:44:53] org.springframework.web.servlet.view.velocity.VelocityConfigurer [140] - ClasspathResourceLoader with name 'springMacro' added to configured VelocityEngine
[ INFO ] [2016-01-19 00:44:53] org.springframework.jmx.export.annotation.AnnotationMBeanExporter [431] - Registering beans for JMX exposure on startup
[ INFO ] [2016-01-19 00:44:53] org.springframework.jmx.export.annotation.AnnotationMBeanExporter [912] - Bean with name 'dataSource' has been autodetected for JMX exposure
[ INFO ] [2016-01-19 00:44:53] org.springframework.jmx.export.annotation.AnnotationMBeanExporter [667] - Located MBean 'dataSource': registering with JMX server as MBean [com.alibaba.druid.pool:name=dataSource,type=DruidDataSource]
[ INFO ] [2016-01-19 00:44:53] org.apache.coyote.http11.Http11NioProtocol [180] - Initializing ProtocolHandler ["http-nio-8011"]
[ INFO ] [2016-01-19 00:44:53] org.apache.coyote.http11.Http11NioProtocol [180] - Starting ProtocolHandler ["http-nio-8011"]
[ INFO ] [2016-01-19 00:44:53] org.apache.tomcat.util.net.NioSelectorPool [180] - Using a shared selector for servlet write/read
[ INFO ] [2016-01-19 00:44:53] org.springframework.boot.context.embedded.tomcat.TomcatEmbeddedServletContainer [159] - Tomcat started on port(s): 8011 (http)
[ INFO ] [2016-01-19 00:44:53] com.test.ApplicationMain [56] - Started ApplicationMain in 12.374 seconds (JVM running for 14.223)
[ INFO ] [2016-01-19 00:45:02] org.apache.catalina.core.ContainerBase.[Tomcat].[localhost].[/] [180] - Initializing Spring FrameworkServlet 'dispatcherServlet'
[ INFO ] [2016-01-19 00:45:02] org.springframework.web.servlet.DispatcherServlet [485] - FrameworkServlet 'dispatcherServlet': initialization started
[ INFO ] [2016-01-19 00:45:02] org.springframework.web.servlet.DispatcherServlet [504] - FrameworkServlet 'dispatcherServlet': initialization completed in 21 ms
[ INFO ] [2016-01-19 00:45:02] com.test.web.CustomerController [50] - admin
[ INFO ] [2016-01-19 00:45:02] com.test.web.CustomerController [50] - 测试用户test
[ INFO ] [2016-01-19 00:45:02] com.test.web.CustomerController [50] - aa
[ INFO ] [2016-01-19 00:45:02] com.test.web.CustomerController [50] - 我日
[ INFO ] [2016-01-19 00:45:02] com.test.web.CustomerController [53] - l---------4
[ INFO ] [2016-01-19 04:43:13] org.springframework.boot.context.embedded.AnnotationConfigEmbeddedWebApplicationContext [862] - Closing org.springframework.boot.context.embedded.AnnotationConfigEmbeddedWebApplicationContext@5f27736c: startup date [Tue Jan 19 00:44:42 CST 2016]; root of context hierarchy
[ INFO ] [2016-01-19 04:43:13] org.springframework.jmx.export.annotation.AnnotationMBeanExporter [449] - Unregistering JMX-exposed beans on shutdown
[ INFO ] [2016-01-19 04:43:13] org.springframework.jmx.export.annotation.AnnotationMBeanExporter [241] - Unregistering JMX-exposed beans
[ INFO ] [2016-01-19 04:43:13] org.springframework.orm.jpa.LocalContainerEntityManagerFactoryBean [462] - Closing JPA EntityManagerFactory for persistence unit 'default'
[ INFO ] [2016-01-19 04:43:13] com.alibaba.druid.pool.DruidDataSource [1385] - {dataSource-1} closed
